Performing C SOURCE FILE Test CMAKE_HAVE_LIBC_PTHREAD failed with the following output:
Change Dir: /home/david/tigran_xuynya/object_oriented_programming/lab5/CMakeFiles/CMakeTmp

Run Build Command(s):/usr/bin/make cmTC_d805d/fast && /usr/bin/make -f CMakeFiles/cmTC_d805d.dir/build.make CMakeFiles/cmTC_d805d.dir/build
make[1]: Entering directory '/home/david/tigran_xuynya/object_oriented_programming/lab5/CMakeFiles/CMakeTmp'
Building C object CMakeFiles/cmTC_d805d.dir/src.c.o
/usr/bin/cc   -DCMAKE_HAVE_LIBC_PTHREAD   -o CMakeFiles/cmTC_d805d.dir/src.c.o   -c /home/david/tigran_xuynya/object_oriented_programming/lab5/CMakeFiles/CMakeTmp/src.c
Linking C executable cmTC_d805d
/usr/bin/cmake -E cmake_link_script CMakeFiles/cmTC_d805d.dir/link.txt --verbose=1
/usr/bin/cc  -DCMAKE_HAVE_LIBC_PTHREAD    CMakeFiles/cmTC_d805d.dir/src.c.o  -o cmTC_d805d 
/usr/bin/ld: CMakeFiles/cmTC_d805d.dir/src.c.o: in function `main':
src.c:(.text+0x46): undefined reference to `pthread_create'
/usr/bin/ld: src.c:(.text+0x52): undefined reference to `pthread_detach'
/usr/bin/ld: src.c:(.text+0x63): undefined reference to `pthread_join'
collect2: error: ld returned 1 exit status
make[1]: *** [CMakeFiles/cmTC_d805d.dir/build.make:87: cmTC_d805d] Error 1
make[1]: Leaving directory '/home/david/tigran_xuynya/object_oriented_programming/lab5/CMakeFiles/CMakeTmp'
make: *** [Makefile:121: cmTC_d805d/fast] Error 2


Source file was:
#include <pthread.h>

void* test_func(void* data)
{
  return data;
}

int main(void)
{
  pthread_t thread;
  pthread_create(&thread, NULL, test_func, NULL);
  pthread_detach(thread);
  pthread_join(thread, NULL);
  pthread_atfork(NULL, NULL, NULL);
  pthread_exit(NULL);

  return 0;
}

Determining if the function pthread_create exists in the pthreads failed with the following output:
Change Dir: /home/david/tigran_xuynya/object_oriented_programming/lab5/CMakeFiles/CMakeTmp

Run Build Command(s):/usr/bin/make cmTC_1547d/fast && /usr/bin/make -f CMakeFiles/cmTC_1547d.dir/build.make CMakeFiles/cmTC_1547d.dir/build
make[1]: Entering directory '/home/david/tigran_xuynya/object_oriented_programming/lab5/CMakeFiles/CMakeTmp'
Building C object CMakeFiles/cmTC_1547d.dir/CheckFunctionExists.c.o
/usr/bin/cc   -DCHECK_FUNCTION_EXISTS=pthread_create   -o CMakeFiles/cmTC_1547d.dir/CheckFunctionExists.c.o   -c /usr/share/cmake-3.16/Modules/CheckFunctionExists.c
Linking C executable cmTC_1547d
/usr/bin/cmake -E cmake_link_script CMakeFiles/cmTC_1547d.dir/link.txt --verbose=1
/usr/bin/cc  -DCHECK_FUNCTION_EXISTS=pthread_create    CMakeFiles/cmTC_1547d.dir/CheckFunctionExists.c.o  -o cmTC_1547d  -lpthreads 
/usr/bin/ld: cannot find -lpthreads
collect2: error: ld returned 1 exit status
make[1]: *** [CMakeFiles/cmTC_1547d.dir/build.make:87: cmTC_1547d] Error 1
make[1]: Leaving directory '/home/david/tigran_xuynya/object_oriented_programming/lab5/CMakeFiles/CMakeTmp'
make: *** [Makefile:121: cmTC_1547d/fast] Error 2



Performing C SOURCE FILE Test CMAKE_HAVE_LIBC_PTHREAD failed with the following output:
Change Dir: /home/david/oop/lab5/CMakeFiles/CMakeTmp

Run Build Command(s):/usr/bin/make cmTC_3d9eb/fast && /usr/bin/make -f CMakeFiles/cmTC_3d9eb.dir/build.make CMakeFiles/cmTC_3d9eb.dir/build
make[1]: Entering directory '/home/david/oop/lab5/CMakeFiles/CMakeTmp'
Building C object CMakeFiles/cmTC_3d9eb.dir/src.c.o
/usr/bin/cc   -DCMAKE_HAVE_LIBC_PTHREAD   -o CMakeFiles/cmTC_3d9eb.dir/src.c.o   -c /home/david/oop/lab5/CMakeFiles/CMakeTmp/src.c
Linking C executable cmTC_3d9eb
/usr/bin/cmake -E cmake_link_script CMakeFiles/cmTC_3d9eb.dir/link.txt --verbose=1
/usr/bin/cc  -DCMAKE_HAVE_LIBC_PTHREAD    CMakeFiles/cmTC_3d9eb.dir/src.c.o  -o cmTC_3d9eb 
/usr/bin/ld: CMakeFiles/cmTC_3d9eb.dir/src.c.o: in function `main':
src.c:(.text+0x46): undefined reference to `pthread_create'
/usr/bin/ld: src.c:(.text+0x52): undefined reference to `pthread_detach'
/usr/bin/ld: src.c:(.text+0x63): undefined reference to `pthread_join'
collect2: error: ld returned 1 exit status
make[1]: *** [CMakeFiles/cmTC_3d9eb.dir/build.make:87: cmTC_3d9eb] Error 1
make[1]: Leaving directory '/home/david/oop/lab5/CMakeFiles/CMakeTmp'
make: *** [Makefile:121: cmTC_3d9eb/fast] Error 2


Source file was:
#include <pthread.h>

void* test_func(void* data)
{
  return data;
}

int main(void)
{
  pthread_t thread;
  pthread_create(&thread, NULL, test_func, NULL);
  pthread_detach(thread);
  pthread_join(thread, NULL);
  pthread_atfork(NULL, NULL, NULL);
  pthread_exit(NULL);

  return 0;
}

Determining if the function pthread_create exists in the pthreads failed with the following output:
Change Dir: /home/david/oop/lab5/CMakeFiles/CMakeTmp

Run Build Command(s):/usr/bin/make cmTC_eba7b/fast && /usr/bin/make -f CMakeFiles/cmTC_eba7b.dir/build.make CMakeFiles/cmTC_eba7b.dir/build
make[1]: Entering directory '/home/david/oop/lab5/CMakeFiles/CMakeTmp'
Building C object CMakeFiles/cmTC_eba7b.dir/CheckFunctionExists.c.o
/usr/bin/cc   -DCHECK_FUNCTION_EXISTS=pthread_create   -o CMakeFiles/cmTC_eba7b.dir/CheckFunctionExists.c.o   -c /usr/share/cmake-3.16/Modules/CheckFunctionExists.c
Linking C executable cmTC_eba7b
/usr/bin/cmake -E cmake_link_script CMakeFiles/cmTC_eba7b.dir/link.txt --verbose=1
/usr/bin/cc  -DCHECK_FUNCTION_EXISTS=pthread_create    CMakeFiles/cmTC_eba7b.dir/CheckFunctionExists.c.o  -o cmTC_eba7b  -lpthreads 
/usr/bin/ld: cannot find -lpthreads
collect2: error: ld returned 1 exit status
make[1]: *** [CMakeFiles/cmTC_eba7b.dir/build.make:87: cmTC_eba7b] Error 1
make[1]: Leaving directory '/home/david/oop/lab5/CMakeFiles/CMakeTmp'
make: *** [Makefile:121: cmTC_eba7b/fast] Error 2



