Performing C SOURCE FILE Test CMAKE_HAVE_LIBC_PTHREAD failed with the following output:
Change Dir: /home/david/tigran_xuynya/object_oriented_programming/lab7/CMakeFiles/CMakeTmp

Run Build Command(s):/usr/bin/make cmTC_24d87/fast && /usr/bin/make -f CMakeFiles/cmTC_24d87.dir/build.make CMakeFiles/cmTC_24d87.dir/build
make[1]: Entering directory '/home/david/tigran_xuynya/object_oriented_programming/lab7/CMakeFiles/CMakeTmp'
Building C object CMakeFiles/cmTC_24d87.dir/src.c.o
/usr/bin/cc   -DCMAKE_HAVE_LIBC_PTHREAD   -o CMakeFiles/cmTC_24d87.dir/src.c.o   -c /home/david/tigran_xuynya/object_oriented_programming/lab7/CMakeFiles/CMakeTmp/src.c
Linking C executable cmTC_24d87
/usr/bin/cmake -E cmake_link_script CMakeFiles/cmTC_24d87.dir/link.txt --verbose=1
/usr/bin/cc  -DCMAKE_HAVE_LIBC_PTHREAD    CMakeFiles/cmTC_24d87.dir/src.c.o  -o cmTC_24d87 
/usr/bin/ld: CMakeFiles/cmTC_24d87.dir/src.c.o: in function `main':
src.c:(.text+0x46): undefined reference to `pthread_create'
/usr/bin/ld: src.c:(.text+0x52): undefined reference to `pthread_detach'
/usr/bin/ld: src.c:(.text+0x63): undefined reference to `pthread_join'
collect2: error: ld returned 1 exit status
make[1]: *** [CMakeFiles/cmTC_24d87.dir/build.make:87: cmTC_24d87] Error 1
make[1]: Leaving directory '/home/david/tigran_xuynya/object_oriented_programming/lab7/CMakeFiles/CMakeTmp'
make: *** [Makefile:121: cmTC_24d87/fast] Error 2


Source file was:
#include <pthread.h>

void* test_func(void* data)
{
  return data;
}

int main(void)
{
  pthread_t thread;
  pthread_create(&thread, NULL, test_func, NULL);
  pthread_detach(thread);
  pthread_join(thread, NULL);
  pthread_atfork(NULL, NULL, NULL);
  pthread_exit(NULL);

  return 0;
}

Determining if the function pthread_create exists in the pthreads failed with the following output:
Change Dir: /home/david/tigran_xuynya/object_oriented_programming/lab7/CMakeFiles/CMakeTmp

Run Build Command(s):/usr/bin/make cmTC_81aed/fast && /usr/bin/make -f CMakeFiles/cmTC_81aed.dir/build.make CMakeFiles/cmTC_81aed.dir/build
make[1]: Entering directory '/home/david/tigran_xuynya/object_oriented_programming/lab7/CMakeFiles/CMakeTmp'
Building C object CMakeFiles/cmTC_81aed.dir/CheckFunctionExists.c.o
/usr/bin/cc   -DCHECK_FUNCTION_EXISTS=pthread_create   -o CMakeFiles/cmTC_81aed.dir/CheckFunctionExists.c.o   -c /usr/share/cmake-3.16/Modules/CheckFunctionExists.c
Linking C executable cmTC_81aed
/usr/bin/cmake -E cmake_link_script CMakeFiles/cmTC_81aed.dir/link.txt --verbose=1
/usr/bin/cc  -DCHECK_FUNCTION_EXISTS=pthread_create    CMakeFiles/cmTC_81aed.dir/CheckFunctionExists.c.o  -o cmTC_81aed  -lpthreads 
/usr/bin/ld: cannot find -lpthreads
collect2: error: ld returned 1 exit status
make[1]: *** [CMakeFiles/cmTC_81aed.dir/build.make:87: cmTC_81aed] Error 1
make[1]: Leaving directory '/home/david/tigran_xuynya/object_oriented_programming/lab7/CMakeFiles/CMakeTmp'
make: *** [Makefile:121: cmTC_81aed/fast] Error 2



Performing C SOURCE FILE Test CMAKE_HAVE_LIBC_PTHREAD failed with the following output:
Change Dir: /home/david/oop/lab7/CMakeFiles/CMakeTmp

Run Build Command(s):/usr/bin/make cmTC_c4fd6/fast && /usr/bin/make -f CMakeFiles/cmTC_c4fd6.dir/build.make CMakeFiles/cmTC_c4fd6.dir/build
make[1]: Entering directory '/home/david/oop/lab7/CMakeFiles/CMakeTmp'
Building C object CMakeFiles/cmTC_c4fd6.dir/src.c.o
/usr/bin/cc   -DCMAKE_HAVE_LIBC_PTHREAD   -o CMakeFiles/cmTC_c4fd6.dir/src.c.o   -c /home/david/oop/lab7/CMakeFiles/CMakeTmp/src.c
Linking C executable cmTC_c4fd6
/usr/bin/cmake -E cmake_link_script CMakeFiles/cmTC_c4fd6.dir/link.txt --verbose=1
/usr/bin/cc  -DCMAKE_HAVE_LIBC_PTHREAD    CMakeFiles/cmTC_c4fd6.dir/src.c.o  -o cmTC_c4fd6 
/usr/bin/ld: CMakeFiles/cmTC_c4fd6.dir/src.c.o: in function `main':
src.c:(.text+0x46): undefined reference to `pthread_create'
/usr/bin/ld: src.c:(.text+0x52): undefined reference to `pthread_detach'
/usr/bin/ld: src.c:(.text+0x63): undefined reference to `pthread_join'
collect2: error: ld returned 1 exit status
make[1]: *** [CMakeFiles/cmTC_c4fd6.dir/build.make:87: cmTC_c4fd6] Error 1
make[1]: Leaving directory '/home/david/oop/lab7/CMakeFiles/CMakeTmp'
make: *** [Makefile:121: cmTC_c4fd6/fast] Error 2


Source file was:
#include <pthread.h>

void* test_func(void* data)
{
  return data;
}

int main(void)
{
  pthread_t thread;
  pthread_create(&thread, NULL, test_func, NULL);
  pthread_detach(thread);
  pthread_join(thread, NULL);
  pthread_atfork(NULL, NULL, NULL);
  pthread_exit(NULL);

  return 0;
}

Determining if the function pthread_create exists in the pthreads failed with the following output:
Change Dir: /home/david/oop/lab7/CMakeFiles/CMakeTmp

Run Build Command(s):/usr/bin/make cmTC_73136/fast && /usr/bin/make -f CMakeFiles/cmTC_73136.dir/build.make CMakeFiles/cmTC_73136.dir/build
make[1]: Entering directory '/home/david/oop/lab7/CMakeFiles/CMakeTmp'
Building C object CMakeFiles/cmTC_73136.dir/CheckFunctionExists.c.o
/usr/bin/cc   -DCHECK_FUNCTION_EXISTS=pthread_create   -o CMakeFiles/cmTC_73136.dir/CheckFunctionExists.c.o   -c /usr/share/cmake-3.16/Modules/CheckFunctionExists.c
Linking C executable cmTC_73136
/usr/bin/cmake -E cmake_link_script CMakeFiles/cmTC_73136.dir/link.txt --verbose=1
/usr/bin/cc  -DCHECK_FUNCTION_EXISTS=pthread_create    CMakeFiles/cmTC_73136.dir/CheckFunctionExists.c.o  -o cmTC_73136  -lpthreads 
/usr/bin/ld: cannot find -lpthreads
collect2: error: ld returned 1 exit status
make[1]: *** [CMakeFiles/cmTC_73136.dir/build.make:87: cmTC_73136] Error 1
make[1]: Leaving directory '/home/david/oop/lab7/CMakeFiles/CMakeTmp'
make: *** [Makefile:121: cmTC_73136/fast] Error 2



