Performing C SOURCE FILE Test CMAKE_HAVE_LIBC_PTHREAD failed with the following output:
Change Dir: /home/david/tigran_xuynya/object_oriented_programming/lab6/CMakeFiles/CMakeTmp

Run Build Command(s):/usr/bin/make cmTC_aebaf/fast && /usr/bin/make -f CMakeFiles/cmTC_aebaf.dir/build.make CMakeFiles/cmTC_aebaf.dir/build
make[1]: Entering directory '/home/david/tigran_xuynya/object_oriented_programming/lab6/CMakeFiles/CMakeTmp'
Building C object CMakeFiles/cmTC_aebaf.dir/src.c.o
/usr/bin/cc   -DCMAKE_HAVE_LIBC_PTHREAD   -o CMakeFiles/cmTC_aebaf.dir/src.c.o   -c /home/david/tigran_xuynya/object_oriented_programming/lab6/CMakeFiles/CMakeTmp/src.c
Linking C executable cmTC_aebaf
/usr/bin/cmake -E cmake_link_script CMakeFiles/cmTC_aebaf.dir/link.txt --verbose=1
/usr/bin/cc  -DCMAKE_HAVE_LIBC_PTHREAD    CMakeFiles/cmTC_aebaf.dir/src.c.o  -o cmTC_aebaf 
/usr/bin/ld: CMakeFiles/cmTC_aebaf.dir/src.c.o: in function `main':
src.c:(.text+0x46): undefined reference to `pthread_create'
/usr/bin/ld: src.c:(.text+0x52): undefined reference to `pthread_detach'
/usr/bin/ld: src.c:(.text+0x63): undefined reference to `pthread_join'
collect2: error: ld returned 1 exit status
make[1]: *** [CMakeFiles/cmTC_aebaf.dir/build.make:87: cmTC_aebaf] Error 1
make[1]: Leaving directory '/home/david/tigran_xuynya/object_oriented_programming/lab6/CMakeFiles/CMakeTmp'
make: *** [Makefile:121: cmTC_aebaf/fast] Error 2


Source file was:
#include <pthread.h>

void* test_func(void* data)
{
  return data;
}

int main(void)
{
  pthread_t thread;
  pthread_create(&thread, NULL, test_func, NULL);
  pthread_detach(thread);
  pthread_join(thread, NULL);
  pthread_atfork(NULL, NULL, NULL);
  pthread_exit(NULL);

  return 0;
}

Determining if the function pthread_create exists in the pthreads failed with the following output:
Change Dir: /home/david/tigran_xuynya/object_oriented_programming/lab6/CMakeFiles/CMakeTmp

Run Build Command(s):/usr/bin/make cmTC_5545e/fast && /usr/bin/make -f CMakeFiles/cmTC_5545e.dir/build.make CMakeFiles/cmTC_5545e.dir/build
make[1]: Entering directory '/home/david/tigran_xuynya/object_oriented_programming/lab6/CMakeFiles/CMakeTmp'
Building C object CMakeFiles/cmTC_5545e.dir/CheckFunctionExists.c.o
/usr/bin/cc   -DCHECK_FUNCTION_EXISTS=pthread_create   -o CMakeFiles/cmTC_5545e.dir/CheckFunctionExists.c.o   -c /usr/share/cmake-3.16/Modules/CheckFunctionExists.c
Linking C executable cmTC_5545e
/usr/bin/cmake -E cmake_link_script CMakeFiles/cmTC_5545e.dir/link.txt --verbose=1
/usr/bin/cc  -DCHECK_FUNCTION_EXISTS=pthread_create    CMakeFiles/cmTC_5545e.dir/CheckFunctionExists.c.o  -o cmTC_5545e  -lpthreads 
/usr/bin/ld: cannot find -lpthreads
collect2: error: ld returned 1 exit status
make[1]: *** [CMakeFiles/cmTC_5545e.dir/build.make:87: cmTC_5545e] Error 1
make[1]: Leaving directory '/home/david/tigran_xuynya/object_oriented_programming/lab6/CMakeFiles/CMakeTmp'
make: *** [Makefile:121: cmTC_5545e/fast] Error 2



Performing C SOURCE FILE Test CMAKE_HAVE_LIBC_PTHREAD failed with the following output:
Change Dir: /home/david/oop/lab6/CMakeFiles/CMakeTmp

Run Build Command(s):/usr/bin/make cmTC_e44b8/fast && /usr/bin/make -f CMakeFiles/cmTC_e44b8.dir/build.make CMakeFiles/cmTC_e44b8.dir/build
make[1]: Entering directory '/home/david/oop/lab6/CMakeFiles/CMakeTmp'
Building C object CMakeFiles/cmTC_e44b8.dir/src.c.o
/usr/bin/cc   -DCMAKE_HAVE_LIBC_PTHREAD   -o CMakeFiles/cmTC_e44b8.dir/src.c.o   -c /home/david/oop/lab6/CMakeFiles/CMakeTmp/src.c
Linking C executable cmTC_e44b8
/usr/bin/cmake -E cmake_link_script CMakeFiles/cmTC_e44b8.dir/link.txt --verbose=1
/usr/bin/cc  -DCMAKE_HAVE_LIBC_PTHREAD    CMakeFiles/cmTC_e44b8.dir/src.c.o  -o cmTC_e44b8 
/usr/bin/ld: CMakeFiles/cmTC_e44b8.dir/src.c.o: in function `main':
src.c:(.text+0x46): undefined reference to `pthread_create'
/usr/bin/ld: src.c:(.text+0x52): undefined reference to `pthread_detach'
/usr/bin/ld: src.c:(.text+0x63): undefined reference to `pthread_join'
collect2: error: ld returned 1 exit status
make[1]: *** [CMakeFiles/cmTC_e44b8.dir/build.make:87: cmTC_e44b8] Error 1
make[1]: Leaving directory '/home/david/oop/lab6/CMakeFiles/CMakeTmp'
make: *** [Makefile:121: cmTC_e44b8/fast] Error 2


Source file was:
#include <pthread.h>

void* test_func(void* data)
{
  return data;
}

int main(void)
{
  pthread_t thread;
  pthread_create(&thread, NULL, test_func, NULL);
  pthread_detach(thread);
  pthread_join(thread, NULL);
  pthread_atfork(NULL, NULL, NULL);
  pthread_exit(NULL);

  return 0;
}

Determining if the function pthread_create exists in the pthreads failed with the following output:
Change Dir: /home/david/oop/lab6/CMakeFiles/CMakeTmp

Run Build Command(s):/usr/bin/make cmTC_3d1d6/fast && /usr/bin/make -f CMakeFiles/cmTC_3d1d6.dir/build.make CMakeFiles/cmTC_3d1d6.dir/build
make[1]: Entering directory '/home/david/oop/lab6/CMakeFiles/CMakeTmp'
Building C object CMakeFiles/cmTC_3d1d6.dir/CheckFunctionExists.c.o
/usr/bin/cc   -DCHECK_FUNCTION_EXISTS=pthread_create   -o CMakeFiles/cmTC_3d1d6.dir/CheckFunctionExists.c.o   -c /usr/share/cmake-3.16/Modules/CheckFunctionExists.c
Linking C executable cmTC_3d1d6
/usr/bin/cmake -E cmake_link_script CMakeFiles/cmTC_3d1d6.dir/link.txt --verbose=1
/usr/bin/cc  -DCHECK_FUNCTION_EXISTS=pthread_create    CMakeFiles/cmTC_3d1d6.dir/CheckFunctionExists.c.o  -o cmTC_3d1d6  -lpthreads 
/usr/bin/ld: cannot find -lpthreads
collect2: error: ld returned 1 exit status
make[1]: *** [CMakeFiles/cmTC_3d1d6.dir/build.make:87: cmTC_3d1d6] Error 1
make[1]: Leaving directory '/home/david/oop/lab6/CMakeFiles/CMakeTmp'
make: *** [Makefile:121: cmTC_3d1d6/fast] Error 2



